*** Starting uWSGI 2.0.19.1 (64bit) on [Fri Jan  8 18:28:07 2021] ***
compiled with version: 4.2.1 Compatible Apple LLVM 11.0.3 (clang-1103.0.32.62) on 22 July 2020 10:22:13
os: Darwin-19.5.0 Darwin Kernel Version 19.5.0: Tue May 26 20:41:44 PDT 2020; root:xnu-6153.121.2~2/RELEASE_X86_64
nodename: shenxhdeMacBook-Pro.local
machine: x86_64
clock source: unix
pcre jit disabled
detected number of CPU cores: 4
current working directory: /Users/shenxh/Desktop/company/zhihu/QA_Tools_BE
writing pidfile to uwsgi.pid
detected binary path: /Users/shenxh/Desktop/company/zhihu/QA_Tools_BE/venv/bin/uwsgi
chdir() to /Users/shenxh/Desktop/company/zhihu/QA_Tools_BE
*** WARNING: you are running uWSGI without its master process manager ***
your processes number limit is 1392
your memory page size is 4096 bytes
detected max file descriptor number: 256
lock engine: OSX spinlocks
thunder lock: disabled (you can enable it with --thunder-lock)
uwsgi socket 0 bound to TCP address 0.0.0.0:3334 fd 3
Python version: 3.8.6 (default, Nov 20 2020, 18:29:40)  [Clang 12.0.0 (clang-1200.0.32.27)]
PEP 405 virtualenv detected: /Users/shenxh/Desktop/company/zhihu/QA_Tools_BE/venv
Set PythonHome to /Users/shenxh/Desktop/company/zhihu/QA_Tools_BE/venv
Python main interpreter initialized at 0x7f9c4a806020
python threads support enabled
your server socket listen backlog is limited to 100 connections
your mercy for graceful operations on workers is 60 seconds
mapped 166656 bytes (162 KB) for 4 cores
*** Operational MODE: preforking+threaded ***
WSGI app 0 (mountpoint='') ready in 1 seconds on interpreter 0x7f9c4a806020 pid: 53600 (default app)
mountpoint  already configured. skip.
*** uWSGI is running in multiple interpreter mode ***
spawned uWSGI worker 1 (pid: 53600, cores: 2)
spawned uWSGI worker 2 (pid: 53602, cores: 2)
invalid request block size: 21573 (max 4096)...skip
